<?xml version="1.0" encoding="UTF-8"?>
<testsuite name="com.acme.AppTest" tests="1" skipped="0" failures="0" errors="0" timestamp="2024-04-29T16:24:22" hostname="chaithanya-11-01" time="0.059">
  <properties/>
  <testcase name="testAppHasAGreeting()" classname="com.acme.AppTest" time="0.059"/>
  <system-out><![CDATA[]]></system-out>
  <system-err><![CDATA[]]></system-err>
</testsuite>
